<?xml version="1.0" encoding="UTF-8"?>
<testsuite xmlns:xsi="http://www.w3.org/2001/XMLSchema-instance" xsi:noNamespaceSchemaLocation="https://maven.apache.org/surefire/maven-surefire-plugin/xsd/surefire-test-report-3.0.xsd" version="3.0" name="com.example.demo.Demo2ApplicationTests" time="1.964" tests="1" errors="0" skipped="0" failures="0">
  <properties>
[...]
</properties>
  <testcase name="contextLoads" classname="com.example.demo.Demo2ApplicationTests" time="0.848">
    <system-out><![CDATA[10:13:50.064 [main] INFO org.springframework.test.context.support.AnnotationConfigContextLoaderUtils -- Could not detect default configuration classes for test class [com.example.demo.Demo2ApplicationTests]: Demo2ApplicationTests does not declare any static, non-private, non-final, nested classes annotated with @Configuration.
10:13:50.159 [main] INFO org.springframework.boot.test.context.SpringBootTestContextBootstrapper -- Found @SpringBootConfiguration com.example.demo.Demo2Application for test class com.example.demo.Demo2ApplicationTests

  .   ____          _            __ _ _
 /\\ / ___'_ __ _ _(_)_ __  __ _ \ \ \ \
( ( )\___ | '_ | '_| | '_ \/ _` | \ \ \ \
 \\/  ___)| |_)| | | | | || (_| |  ) ) ) )
  '  |____| .__|_| |_|_| |_\__, | / / / /
 =========|_|==============|___/=/_/_/_/
 :: Spring Boot ::                (v3.1.2)

2023-08-02T10:13:50.548+07:00  INFO 15907 --- [           main] com.example.demo.Demo2ApplicationTests   : Starting Demo2ApplicationTests using Java 18.0.2 with PID 15907 (started by sotatek in /home/sotatek/personal/demo2)
2023-08-02T10:13:50.549+07:00  INFO 15907 --- [           main] com.example.demo.Demo2ApplicationTests   : No active profile set, falling back to 1 default profile: "default"
2023-08-02T10:13:50.877+07:00  INFO 15907 --- [           main] com.example.demo.Demo                    : VARIABLE This from default spring properties
2023-08-02T10:13:50.948+07:00  INFO 15907 --- [           main] com.example.demo.Demo2ApplicationTests   : Started Demo2ApplicationTests in 0.656 seconds (process running for 1.735)
]]></system-out>
  </testcase>
</testsuite>